# JRE version: OpenJDK Runtime Environment (8.0_202-b03) (build 1.8.0_202-release-1483-b03)
# Java VM: OpenJDK 64-Bit Server VM (25.202-b03 mixed mode windows-amd64 compressed oops)
Heap:
 PSYoungGen      total 412160K, used 355818K [0x00000000e0000000, 0x0000000100000000, 0x0000000100000000)
  eden space 300032K, 100% used [0x00000000e0000000,0x00000000f2500000,0x00000000f2500000)
  from space 112128K, 49% used [0x00000000f2500000,0x00000000f5b7aa78,0x00000000f9280000)
  to   space 110080K, 28% used [0x00000000f9480000,0x00000000fb2a4680,0x0000000100000000)
 ParOldGen       total 385024K, used 321153K [0x00000000a0000000, 0x00000000b7800000, 0x00000000e0000000)
  object space 385024K, 83% used [0x00000000a0000000,0x00000000b39a0710,0x00000000b7800000)
 Metaspace       used 105220K, capacity 112316K, committed 112472K, reserved 1146880K
  class space    used 13266K, capacity 14457K, committed 14464K, reserved 1048576K
GC Heap History (10 events):
Event: 6281.044 GC heap after
Heap after GC invocations=69 (full 8):
 PSYoungGen      total 460800K, used 38142K [0x00000000e0000000, 0x0000000100000000, 0x0000000100000000)
  eden space 401408K, 0% used [0x00000000e0000000,0x00000000e0000000,0x00000000f8800000)
  from space 59392K, 64% used [0x00000000f8800000,0x00000000fad3f830,0x00000000fc200000)
  to   space 60928K, 0% used [0x00000000fc480000,0x00000000fc480000,0x0000000100000000)
 ParOldGen       total 385024K, used 207642K [0x00000000a0000000, 0x00000000b7800000, 0x00000000e0000000)
  object space 385024K, 53% used [0x00000000a0000000,0x00000000acac6a20,0x00000000b7800000)
 Metaspace       used 104775K, capacity 111786K, committed 111960K, reserved 1146880K
  class space    used 13235K, capacity 14402K, committed 14464K, reserved 1048576K
}
Event: 6288.708 GC heap before
{Heap before GC invocations=70 (full 8):
 PSYoungGen      total 460800K, used 439550K [0x00000000e0000000, 0x0000000100000000, 0x0000000100000000)
  eden space 401408K, 100% used [0x00000000e0000000,0x00000000f8800000,0x00000000f8800000)
  from space 59392K, 64% used [0x00000000f8800000,0x00000000fad3f830,0x00000000fc200000)
  to   space 60928K, 0% used [0x00000000fc480000,0x00000000fc480000,0x0000000100000000)
 ParOldGen       total 385024K, used 207642K [0x00000000a0000000, 0x00000000b7800000, 0x00000000e0000000)
  object space 385024K, 53% used [0x00000000a0000000,0x00000000acac6a20,0x00000000b7800000)
 Metaspace       used 104782K, capacity 111786K, committed 111960K, reserved 1146880K
  class space    used 13236K, capacity 14402K, committed 14464K, reserved 1048576K
Event: 6289.029 GC heap after
Heap after GC invocations=70 (full 8):
 PSYoungGen      total 463872K, used 32301K [0x00000000e0000000, 0x00000000fff80000, 0x0000000100000000)
  eden space 403456K, 0% used [0x00000000e0000000,0x00000000e0000000,0x00000000f8a00000)
  from space 60416K, 53% used [0x00000000fc480000,0x00000000fe40b430,0x00000000fff80000)
  to   space 59904K, 0% used [0x00000000f8a00000,0x00000000f8a00000,0x00000000fc480000)
 ParOldGen       total 385024K, used 207650K [0x00000000a0000000, 0x00000000b7800000, 0x00000000e0000000)
  object space 385024K, 53% used [0x00000000a0000000,0x00000000acac8a20,0x00000000b7800000)
 Metaspace       used 104782K, capacity 111786K, committed 111960K, reserved 1146880K
  class space    used 13236K, capacity 14402K, committed 14464K, reserved 1048576K
}
Event: 6312.135 GC heap before
{Heap before GC invocations=71 (full 8):
 PSYoungGen      total 463872K, used 435606K [0x00000000e0000000, 0x00000000fff80000, 0x0000000100000000)
  eden space 403456K, 99% used [0x00000000e0000000,0x00000000f89da750,0x00000000f8a00000)
  from space 60416K, 53% used [0x00000000fc480000,0x00000000fe40b430,0x00000000fff80000)
  to   space 59904K, 0% used [0x00000000f8a00000,0x00000000f8a00000,0x00000000fc480000)
 ParOldGen       total 385024K, used 207650K [0x00000000a0000000, 0x00000000b7800000, 0x00000000e0000000)
  object space 385024K, 53% used [0x00000000a0000000,0x00000000acac8a20,0x00000000b7800000)
 Metaspace       used 104853K, capacity 111796K, committed 111960K, reserved 1146880K
  class space    used 13237K, capacity 14403K, committed 14464K, reserved 1048576K
Event: 6313.397 GC heap after
Heap after GC invocations=71 (full 8):
 PSYoungGen      total 461312K, used 57533K [0x00000000e0000000, 0x0000000100000000, 0x0000000100000000)
  eden space 403456K, 0% used [0x00000000e0000000,0x00000000e0000000,0x00000000f8a00000)
  from space 57856K, 99% used [0x00000000f8a00000,0x00000000fc22f498,0x00000000fc280000)
  to   space 62976K, 0% used [0x00000000fc280000,0x00000000fc280000,0x0000000100000000)
 ParOldGen       total 385024K, used 207650K [0x00000000a0000000, 0x00000000b7800000, 0x00000000e0000000)
  object space 385024K, 53% used [0x00000000a0000000,0x00000000acac8a20,0x00000000b7800000)
 Metaspace       used 104853K, capacity 111796K, committed 111960K, reserved 1146880K
  class space    used 13237K, capacity 14403K, committed 14464K, reserved 1048576K
}
Event: 6319.660 GC heap before
{Heap before GC invocations=72 (full 8):
 PSYoungGen      total 461312K, used 460989K [0x00000000e0000000, 0x0000000100000000, 0x0000000100000000)
  eden space 403456K, 100% used [0x00000000e0000000,0x00000000f8a00000,0x00000000f8a00000)
  from space 57856K, 99% used [0x00000000f8a00000,0x00000000fc22f498,0x00000000fc280000)
  to   space 62976K, 0% used [0x00000000fc280000,0x00000000fc280000,0x0000000100000000)
 ParOldGen       total 385024K, used 207650K [0x00000000a0000000, 0x00000000b7800000, 0x00000000e0000000)
  object space 385024K, 53% used [0x00000000a0000000,0x00000000acac8a20,0x00000000b7800000)
 Metaspace       used 104869K, capacity 111796K, committed 111960K, reserved 1146880K
  class space    used 13237K, capacity 14403K, committed 14464K, reserved 1048576K
Event: 6343.448 GC heap after
Heap after GC invocations=72 (full 8):
 PSYoungGen      total 363008K, used 62957K [0x00000000e0000000, 0x0000000100000000, 0x0000000100000000)
  eden space 300032K, 0% used [0x00000000e0000000,0x00000000e0000000,0x00000000f2500000)
  from space 62976K, 99% used [0x00000000fc280000,0x00000000ffffb6f8,0x0000000100000000)
  to   space 112128K, 0% used [0x00000000f2500000,0x00000000f2500000,0x00000000f9280000)
 ParOldGen       total 385024K, used 304112K [0x00000000a0000000, 0x00000000b7800000, 0x00000000e0000000)
  object space 385024K, 78% used [0x00000000a0000000,0x00000000b28fc230,0x00000000b7800000)
 Metaspace       used 104869K, capacity 111796K, committed 111960K, reserved 1146880K
  class space    used 13237K, capacity 14403K, committed 14464K, reserved 1048576K
}
Event: 6861.844 GC heap before
{Heap before GC invocations=73 (full 8):
 PSYoungGen      total 363008K, used 362989K [0x00000000e0000000, 0x0000000100000000, 0x0000000100000000)
  eden space 300032K, 100% used [0x00000000e0000000,0x00000000f2500000,0x00000000f2500000)
  from space 62976K, 99% used [0x00000000fc280000,0x00000000ffffb6f8,0x0000000100000000)
  to   space 112128K, 0% used [0x00000000f2500000,0x00000000f2500000,0x00000000f9280000)
 ParOldGen       total 385024K, used 304112K [0x00000000a0000000, 0x00000000b7800000, 0x00000000e0000000)
  object space 385024K, 78% used [0x00000000a0000000,0x00000000b28fc230,0x00000000b7800000)
 Metaspace       used 105082K, capacity 112096K, committed 112216K, reserved 1146880K
  class space    used 13252K, capacity 14431K, committed 14464K, reserved 1048576K
Event: 6938.757 GC heap after
Heap after GC invocations=73 (full 8):
 PSYoungGen      total 412160K, used 55786K [0x00000000e0000000, 0x0000000100000000, 0x0000000100000000)
  eden space 300032K, 0% used [0x00000000e0000000,0x00000000e0000000,0x00000000f2500000)
  from space 112128K, 49% used [0x00000000f2500000,0x00000000f5b7aa78,0x00000000f9280000)
  to   space 110080K, 0% used [0x00000000f9480000,0x00000000f9480000,0x0000000100000000)
 ParOldGen       total 385024K, used 315735K [0x00000000a0000000, 0x00000000b7800000, 0x00000000e0000000)
  object space 385024K, 82% used [0x00000000a0000000,0x00000000b3455d98,0x00000000b7800000)
 Metaspace       used 105082K, capacity 112096K, committed 112216K, reserved 1146880K
  class space    used 13252K, capacity 14431K, committed 14464K, reserved 1048576K
}
Event: 7342.784 GC heap before
{Heap before GC invocations=74 (full 8):
 PSYoungGen      total 412160K, used 355818K [0x00000000e0000000, 0x0000000100000000, 0x0000000100000000)
  eden space 300032K, 100% used [0x00000000e0000000,0x00000000f2500000,0x00000000f2500000)
  from space 112128K, 49% used [0x00000000f2500000,0x00000000f5b7aa78,0x00000000f9280000)
  to   space 110080K, 0% used [0x00000000f9480000,0x00000000f9480000,0x0000000100000000)
 ParOldGen       total 385024K, used 315735K [0x00000000a0000000, 0x00000000b7800000, 0x00000000e0000000)
  object space 385024K, 82% used [0x00000000a0000000,0x00000000b3455d98,0x00000000b7800000)
 Metaspace       used 105220K, capacity 112316K, committed 112472K, reserved 1146880K
  class space    used 13266K, capacity 14457K, committed 14464K, reserved 1048576K

